[INFO] Scanning for projects...
[INFO] 
[INFO] -----------------------< com.umlytics:umlytics >------------------------
[INFO] Building UMLytics 1.0.0
[INFO]   from pom.xml
[INFO] --------------------------------[ jar ]---------------------------------
[WARNING] 6 problems were encountered while building the effective model for org.openjfx:javafx-controls:jar:17.0.2 during dependency collection step for project (use -X to see details)
[INFO] 
[INFO] --- clean:3.2.0:clean (default-clean) @ umlytics ---
[INFO] Deleting C:\Users\PC\Desktop\SDA PROJECT\UMLytics\target
[INFO] 
[INFO] --- resources:3.3.1:resources (default-resources) @ umlytics ---
[INFO] Copying 2 resources from src\main\resources to target\classes
[INFO] 
[INFO] --- compiler:3.11.0:compile (default-compile) @ umlytics ---
[INFO] Changes detected - recompiling the module! :source
[INFO] Compiling 52 source files with javac [debug target 17] to target\classes
[INFO] /C:/Users/PC/Desktop/SDA PROJECT/UMLytics/src/main/java/com/umlytics/service/ai/LLMAPIEngine.java: C:\Users\PC\Desktop\SDA PROJECT\UMLytics\src\main\java\com\umlytics\service\ai\LLMAPIEngine.java uses or overrides a deprecated API.
[INFO] /C:/Users/PC/Desktop/SDA PROJECT/UMLytics/src/main/java/com/umlytics/service/ai/LLMAPIEngine.java: Recompile with -Xlint:deprecation for details.
[INFO] -------------------------------------------------------------
[ERROR] COMPILATION ERROR : 
[INFO] -------------------------------------------------------------
[ERROR] /C:/Users/PC/Desktop/SDA PROJECT/UMLytics/src/main/java/com/umlytics/ui/canvas/ClassNodeBox.java:[22,46] cannot find symbol
  symbol:   method getType()
  location: variable cls of type com.umlytics.domain.UMLClass
[ERROR] /C:/Users/PC/Desktop/SDA PROJECT/UMLytics/src/main/java/com/umlytics/ui/canvas/ClassNodeBox.java:[28,40] cannot find symbol
  symbol:   method getType()
  location: variable cls of type com.umlytics.domain.UMLClass
[INFO] 2 errors 
[INFO] -------------------------------------------------------------
[INFO] ------------------------------------------------------------------------
[INFO] BUILD FAILURE
[INFO] ------------------------------------------------------------------------
[INFO] Total time:  2.289 s
[INFO] Finished at: 2026-04-21T00:57:44+05:00
[INFO] ------------------------------------------------------------------------
[ERROR] Failed to execute goal org.apache.maven.plugins:maven-compiler-plugin:3.11.0:compile (default-compile) on project umlytics: Compilation failure: Compilation failure: 
[ERROR] /C:/Users/PC/Desktop/SDA PROJECT/UMLytics/src/main/java/com/umlytics/ui/canvas/ClassNodeBox.java:[22,46] cannot find symbol
[ERROR]   symbol:   method getType()
[ERROR]   location: variable cls of type com.umlytics.domain.UMLClass
[ERROR] /C:/Users/PC/Desktop/SDA PROJECT/UMLytics/src/main/java/com/umlytics/ui/canvas/ClassNodeBox.java:[28,40] cannot find symbol
[ERROR]   symbol:   method getType()
[ERROR]   location: variable cls of type com.umlytics.domain.UMLClass
[ERROR] -> [Help 1]
[ERROR] 
[ERROR] To see the full stack trace of the errors, re-run Maven with the -e switch.
[ERROR] Re-run Maven using the -X switch to enable full debug logging.
[ERROR] 
[ERROR] For more information about the errors and possible solutions, please read the following articles:
[ERROR] [Help 1] http://cwiki.apache.org/confluence/display/MAVEN/MojoFailureException
